<?xml version="1.0" encoding="UTF-8"?>
<testng-results skipped="0" failed="0" ignored="0" total="1" passed="1">
  <reporter-output>
  </reporter-output>
  <suite name="Default suite" duration-ms="26174" started-at="2024-01-22T12:49:01Z" finished-at="2024-01-22T12:49:27Z">
    <groups>
    </groups>
    <test name="Default test" duration-ms="26174" started-at="2024-01-22T12:49:01Z" finished-at="2024-01-22T12:49:27Z">
      <class name="com.tests.JavaScriptEx">
        <test-method status="PASS" signature="test01()[pri:0, instance:com.tests.JavaScriptEx@14acaea5]" name="test01" duration-ms="26147" started-at="2024-01-22T07:49:01Z" finished-at="2024-01-22T07:49:27Z">
          <reporter-output>
          </reporter-output>
        </test-method> <!-- test01 -->
      </class> <!-- com.tests.JavaScriptEx -->
    </test> <!-- Default test -->
  </suite> <!-- Default suite -->
</testng-results>
